CRITICAL - 2024-02-22 08:29:13 --> The framework needs the following extension(s) installed and loaded: intl.
in SYSTEMPATH\CodeIgniter.php on line 252.
 1 SYSTEMPATH\CodeIgniter.php(252): CodeIgniter\Exceptions\FrameworkException::forMissingExtension()
 2 SYSTEMPATH\CodeIgniter.php(214): CodeIgniter\CodeIgniter->resolvePlatformExtensions()
 3 ROOTPATH\spark(88): CodeIgniter\CodeIgniter->initialize()
CRITICAL - 2024-02-22 08:29:13 --> Uncaught Error: Class "Locale" not found in C:\xampp\htdocs\Brillantes_CI\system\I18n\TimeTrait.php:74
Stack trace:
#0 C:\xampp\htdocs\Brillantes_CI\system\I18n\TimeTrait.php(115): CodeIgniter\I18n\Time->__construct()
#1 C:\xampp\htdocs\Brillantes_CI\system\HTTP\ResponseTrait.php(468): CodeIgniter\I18n\Time::now()
#2 C:\xampp\htdocs\Brillantes_CI\system\HTTP\ResponseTrait.php(446): CodeIgniter\HTTP\Response->sendHeaders()
#3 C:\xampp\htdocs\Brillantes_CI\system\Debug\ExceptionHandler.php(81): CodeIgniter\HTTP\Response->send()
#4 C:\xampp\htdocs\Brillantes_CI\system\Debug\Exceptions.php(148): CodeIgniter\Debug\ExceptionHandler->handle()
#5 [internal function]: CodeIgniter\Debug\Exceptions->exceptionHandler()
#6 {main}
  thrown
【Previous Exception】
CodeIgniter\Exceptions\FrameworkException
The framework needs the following extension(s) installed and loaded: intl.
#0 C:\xampp\htdocs\Brillantes_CI\system\CodeIgniter.php(252): CodeIgniter\Exceptions\FrameworkException::forMissingExtension()
#1 C:\xampp\htdocs\Brillantes_CI\system\CodeIgniter.php(214): CodeIgniter\CodeIgniter->resolvePlatformExtensions()
#2 C:\xampp\htdocs\Brillantes_CI\spark(88): CodeIgniter\CodeIgniter->initialize()
#3 {main}
in SYSTEMPATH\I18n\TimeTrait.php on line 74.
 1 [internal function]: CodeIgniter\Debug\Exceptions->shutdownHandler()
CRITICAL - 2024-02-22 08:33:07 --> The framework needs the following extension(s) installed and loaded: intl.
in SYSTEMPATH\CodeIgniter.php on line 252.
 1 SYSTEMPATH\CodeIgniter.php(252): CodeIgniter\Exceptions\FrameworkException::forMissingExtension()
 2 SYSTEMPATH\CodeIgniter.php(214): CodeIgniter\CodeIgniter->resolvePlatformExtensions()
 3 ROOTPATH\spark(88): CodeIgniter\CodeIgniter->initialize()
CRITICAL - 2024-02-22 08:33:07 --> Uncaught Error: Class "Locale" not found in C:\xampp\htdocs\Brillantes_CI\system\I18n\TimeTrait.php:74
Stack trace:
#0 C:\xampp\htdocs\Brillantes_CI\system\I18n\TimeTrait.php(115): CodeIgniter\I18n\Time->__construct()
#1 C:\xampp\htdocs\Brillantes_CI\system\HTTP\ResponseTrait.php(468): CodeIgniter\I18n\Time::now()
#2 C:\xampp\htdocs\Brillantes_CI\system\HTTP\ResponseTrait.php(446): CodeIgniter\HTTP\Response->sendHeaders()
#3 C:\xampp\htdocs\Brillantes_CI\system\Debug\ExceptionHandler.php(81): CodeIgniter\HTTP\Response->send()
#4 C:\xampp\htdocs\Brillantes_CI\system\Debug\Exceptions.php(148): CodeIgniter\Debug\ExceptionHandler->handle()
#5 [internal function]: CodeIgniter\Debug\Exceptions->exceptionHandler()
#6 {main}
  thrown
【Previous Exception】
CodeIgniter\Exceptions\FrameworkException
The framework needs the following extension(s) installed and loaded: intl.
#0 C:\xampp\htdocs\Brillantes_CI\system\CodeIgniter.php(252): CodeIgniter\Exceptions\FrameworkException::forMissingExtension()
#1 C:\xampp\htdocs\Brillantes_CI\system\CodeIgniter.php(214): CodeIgniter\CodeIgniter->resolvePlatformExtensions()
#2 C:\xampp\htdocs\Brillantes_CI\spark(88): CodeIgniter\CodeIgniter->initialize()
#3 {main}
in SYSTEMPATH\I18n\TimeTrait.php on line 74.
 1 [internal function]: CodeIgniter\Debug\Exceptions->shutdownHandler()
CRITICAL - 2024-02-22 08:34:14 --> The framework needs the following extension(s) installed and loaded: intl.
in SYSTEMPATH\CodeIgniter.php on line 252.
 1 SYSTEMPATH\CodeIgniter.php(252): CodeIgniter\Exceptions\FrameworkException::forMissingExtension()
 2 SYSTEMPATH\CodeIgniter.php(214): CodeIgniter\CodeIgniter->resolvePlatformExtensions()
 3 ROOTPATH\spark(88): CodeIgniter\CodeIgniter->initialize()
CRITICAL - 2024-02-22 08:34:14 --> Uncaught Error: Class "Locale" not found in C:\xampp\htdocs\Brillantes_CI\system\I18n\TimeTrait.php:74
Stack trace:
#0 C:\xampp\htdocs\Brillantes_CI\system\I18n\TimeTrait.php(115): CodeIgniter\I18n\Time->__construct()
#1 C:\xampp\htdocs\Brillantes_CI\system\HTTP\ResponseTrait.php(468): CodeIgniter\I18n\Time::now()
#2 C:\xampp\htdocs\Brillantes_CI\system\HTTP\ResponseTrait.php(446): CodeIgniter\HTTP\Response->sendHeaders()
#3 C:\xampp\htdocs\Brillantes_CI\system\Debug\ExceptionHandler.php(81): CodeIgniter\HTTP\Response->send()
#4 C:\xampp\htdocs\Brillantes_CI\system\Debug\Exceptions.php(148): CodeIgniter\Debug\ExceptionHandler->handle()
#5 [internal function]: CodeIgniter\Debug\Exceptions->exceptionHandler()
#6 {main}
  thrown
【Previous Exception】
CodeIgniter\Exceptions\FrameworkException
The framework needs the following extension(s) installed and loaded: intl.
#0 C:\xampp\htdocs\Brillantes_CI\system\CodeIgniter.php(252): CodeIgniter\Exceptions\FrameworkException::forMissingExtension()
#1 C:\xampp\htdocs\Brillantes_CI\system\CodeIgniter.php(214): CodeIgniter\CodeIgniter->resolvePlatformExtensions()
#2 C:\xampp\htdocs\Brillantes_CI\spark(88): CodeIgniter\CodeIgniter->initialize()
#3 {main}
in SYSTEMPATH\I18n\TimeTrait.php on line 74.
 1 [internal function]: CodeIgniter\Debug\Exceptions->shutdownHandler()
CRITICAL - 2024-02-22 08:37:32 --> The framework needs the following extension(s) installed and loaded: intl.
in SYSTEMPATH\CodeIgniter.php on line 252.
 1 SYSTEMPATH\CodeIgniter.php(252): CodeIgniter\Exceptions\FrameworkException::forMissingExtension()
 2 SYSTEMPATH\CodeIgniter.php(214): CodeIgniter\CodeIgniter->resolvePlatformExtensions()
 3 ROOTPATH\spark(88): CodeIgniter\CodeIgniter->initialize()
CRITICAL - 2024-02-22 08:37:32 --> Uncaught Error: Class "Locale" not found in C:\xampp\htdocs\Brillantes_CI\system\I18n\TimeTrait.php:74
Stack trace:
#0 C:\xampp\htdocs\Brillantes_CI\system\I18n\TimeTrait.php(115): CodeIgniter\I18n\Time->__construct()
#1 C:\xampp\htdocs\Brillantes_CI\system\HTTP\ResponseTrait.php(468): CodeIgniter\I18n\Time::now()
#2 C:\xampp\htdocs\Brillantes_CI\system\HTTP\ResponseTrait.php(446): CodeIgniter\HTTP\Response->sendHeaders()
#3 C:\xampp\htdocs\Brillantes_CI\system\Debug\ExceptionHandler.php(81): CodeIgniter\HTTP\Response->send()
#4 C:\xampp\htdocs\Brillantes_CI\system\Debug\Exceptions.php(148): CodeIgniter\Debug\ExceptionHandler->handle()
#5 [internal function]: CodeIgniter\Debug\Exceptions->exceptionHandler()
#6 {main}
  thrown
【Previous Exception】
CodeIgniter\Exceptions\FrameworkException
The framework needs the following extension(s) installed and loaded: intl.
#0 C:\xampp\htdocs\Brillantes_CI\system\CodeIgniter.php(252): CodeIgniter\Exceptions\FrameworkException::forMissingExtension()
#1 C:\xampp\htdocs\Brillantes_CI\system\CodeIgniter.php(214): CodeIgniter\CodeIgniter->resolvePlatformExtensions()
#2 C:\xampp\htdocs\Brillantes_CI\spark(88): CodeIgniter\CodeIgniter->initialize()
#3 {main}
in SYSTEMPATH\I18n\TimeTrait.php on line 74.
 1 [internal function]: CodeIgniter\Debug\Exceptions->shutdownHandler()
CRITICAL - 2024-02-22 09:04:47 --> View themes, no current section.
in SYSTEMPATH\View\View.php on line 425.
 1 APPPATH\Views\users\add.php(7): CodeIgniter\View\View->endSection('section')
 2 SYSTEMPATH\View\View.php(228): include('C:\\xampp\\htdocs\\Brillantes_CI\\app\\Views\\users\\add.php')
 3 SYSTEMPATH\View\View.php(231): CodeIgniter\View\View->CodeIgniter\View\{closure}()
 4 SYSTEMPATH\Common.php(1190): CodeIgniter\View\View->render('users/add', [], true)
 5 APPPATH\Controllers\UserController.php(9): view('users/add')
 6 SYSTEMPATH\CodeIgniter.php(942): App\Controllers\UserController->add()
 7 SYSTEMPATH\CodeIgniter.php(502): CodeIgniter\CodeIgniter->runController(Object(App\Controllers\UserController))
 8 SYSTEMPATH\CodeIgniter.php(361): CodeIgniter\CodeIgniter->handleRequest(null, Object(Config\Cache), false)
 9 FCPATH\index.php(79): CodeIgniter\CodeIgniter->run()
10 SYSTEMPATH\Commands\Server\rewrite.php(47): require_once('C:\\xampp\\htdocs\\Brillantes_CI\\public\\index.php')
CRITICAL - 2024-02-22 09:05:31 --> View themes, no current section.
in SYSTEMPATH\View\View.php on line 425.
 1 APPPATH\Views\users\add.php(7): CodeIgniter\View\View->endSection('section')
 2 SYSTEMPATH\View\View.php(228): include('C:\\xampp\\htdocs\\Brillantes_CI\\app\\Views\\users\\add.php')
 3 SYSTEMPATH\View\View.php(231): CodeIgniter\View\View->CodeIgniter\View\{closure}()
 4 SYSTEMPATH\Common.php(1190): CodeIgniter\View\View->render('users/add', [], true)
 5 APPPATH\Controllers\UserController.php(9): view('users/add')
 6 SYSTEMPATH\CodeIgniter.php(942): App\Controllers\UserController->add()
 7 SYSTEMPATH\CodeIgniter.php(502): CodeIgniter\CodeIgniter->runController(Object(App\Controllers\UserController))
 8 SYSTEMPATH\CodeIgniter.php(361): CodeIgniter\CodeIgniter->handleRequest(null, Object(Config\Cache), false)
 9 FCPATH\index.php(79): CodeIgniter\CodeIgniter->run()
10 SYSTEMPATH\Commands\Server\rewrite.php(47): require_once('C:\\xampp\\htdocs\\Brillantes_CI\\public\\index.php')
CRITICAL - 2024-02-22 09:05:43 --> View themes, no current section.
in SYSTEMPATH\View\View.php on line 425.
 1 APPPATH\Views\users\add.php(7): CodeIgniter\View\View->endSection('section')
 2 SYSTEMPATH\View\View.php(228): include('C:\\xampp\\htdocs\\Brillantes_CI\\app\\Views\\users\\add.php')
 3 SYSTEMPATH\View\View.php(231): CodeIgniter\View\View->CodeIgniter\View\{closure}()
 4 SYSTEMPATH\Common.php(1190): CodeIgniter\View\View->render('users/add', [], true)
 5 APPPATH\Controllers\UserController.php(9): view('users/add')
 6 SYSTEMPATH\CodeIgniter.php(942): App\Controllers\UserController->add()
 7 SYSTEMPATH\CodeIgniter.php(502): CodeIgniter\CodeIgniter->runController(Object(App\Controllers\UserController))
 8 SYSTEMPATH\CodeIgniter.php(361): CodeIgniter\CodeIgniter->handleRequest(null, Object(Config\Cache), false)
 9 FCPATH\index.php(79): CodeIgniter\CodeIgniter->run()
10 SYSTEMPATH\Commands\Server\rewrite.php(47): require_once('C:\\xampp\\htdocs\\Brillantes_CI\\public\\index.php')
CRITICAL - 2024-02-22 09:06:56 --> View themes, no current section.
in SYSTEMPATH\View\View.php on line 425.
 1 APPPATH\Views\users\add.php(7): CodeIgniter\View\View->endSection('section')
 2 SYSTEMPATH\View\View.php(228): include('C:\\xampp\\htdocs\\Brillantes_CI\\app\\Views\\users\\add.php')
 3 SYSTEMPATH\View\View.php(231): CodeIgniter\View\View->CodeIgniter\View\{closure}()
 4 SYSTEMPATH\Common.php(1190): CodeIgniter\View\View->render('users/add', [], true)
 5 APPPATH\Controllers\UserController.php(9): view('users/add')
 6 SYSTEMPATH\CodeIgniter.php(942): App\Controllers\UserController->add()
 7 SYSTEMPATH\CodeIgniter.php(502): CodeIgniter\CodeIgniter->runController(Object(App\Controllers\UserController))
 8 SYSTEMPATH\CodeIgniter.php(361): CodeIgniter\CodeIgniter->handleRequest(null, Object(Config\Cache), false)
 9 FCPATH\index.php(79): CodeIgniter\CodeIgniter->run()
10 SYSTEMPATH\Commands\Server\rewrite.php(47): require_once('C:\\xampp\\htdocs\\Brillantes_CI\\public\\index.php')
CRITICAL - 2024-02-22 09:06:58 --> View themes, no current section.
in SYSTEMPATH\View\View.php on line 425.
 1 APPPATH\Views\users\add.php(7): CodeIgniter\View\View->endSection('section')
 2 SYSTEMPATH\View\View.php(228): include('C:\\xampp\\htdocs\\Brillantes_CI\\app\\Views\\users\\add.php')
 3 SYSTEMPATH\View\View.php(231): CodeIgniter\View\View->CodeIgniter\View\{closure}()
 4 SYSTEMPATH\Common.php(1190): CodeIgniter\View\View->render('users/add', [], true)
 5 APPPATH\Controllers\UserController.php(9): view('users/add')
 6 SYSTEMPATH\CodeIgniter.php(942): App\Controllers\UserController->add()
 7 SYSTEMPATH\CodeIgniter.php(502): CodeIgniter\CodeIgniter->runController(Object(App\Controllers\UserController))
 8 SYSTEMPATH\CodeIgniter.php(361): CodeIgniter\CodeIgniter->handleRequest(null, Object(Config\Cache), false)
 9 FCPATH\index.php(79): CodeIgniter\CodeIgniter->run()
10 SYSTEMPATH\Commands\Server\rewrite.php(47): require_once('C:\\xampp\\htdocs\\Brillantes_CI\\public\\index.php')
CRITICAL - 2024-02-22 09:07:12 --> View themes, no current section.
in SYSTEMPATH\View\View.php on line 425.
 1 APPPATH\Views\users\add.php(7): CodeIgniter\View\View->endSection('section')
 2 SYSTEMPATH\View\View.php(228): include('C:\\xampp\\htdocs\\Brillantes_CI\\app\\Views\\users\\add.php')
 3 SYSTEMPATH\View\View.php(231): CodeIgniter\View\View->CodeIgniter\View\{closure}()
 4 SYSTEMPATH\Common.php(1190): CodeIgniter\View\View->render('users/add', [], true)
 5 APPPATH\Controllers\UserController.php(9): view('users/add')
 6 SYSTEMPATH\CodeIgniter.php(942): App\Controllers\UserController->add()
 7 SYSTEMPATH\CodeIgniter.php(502): CodeIgniter\CodeIgniter->runController(Object(App\Controllers\UserController))
 8 SYSTEMPATH\CodeIgniter.php(361): CodeIgniter\CodeIgniter->handleRequest(null, Object(Config\Cache), false)
 9 FCPATH\index.php(79): CodeIgniter\CodeIgniter->run()
10 SYSTEMPATH\Commands\Server\rewrite.php(47): require_once('C:\\xampp\\htdocs\\Brillantes_CI\\public\\index.php')
CRITICAL - 2024-02-22 09:07:14 --> View themes, no current section.
in SYSTEMPATH\View\View.php on line 425.
 1 APPPATH\Views\users\add.php(7): CodeIgniter\View\View->endSection('section')
 2 SYSTEMPATH\View\View.php(228): include('C:\\xampp\\htdocs\\Brillantes_CI\\app\\Views\\users\\add.php')
 3 SYSTEMPATH\View\View.php(231): CodeIgniter\View\View->CodeIgniter\View\{closure}()
 4 SYSTEMPATH\Common.php(1190): CodeIgniter\View\View->render('users/add', [], true)
 5 APPPATH\Controllers\UserController.php(9): view('users/add')
 6 SYSTEMPATH\CodeIgniter.php(942): App\Controllers\UserController->add()
 7 SYSTEMPATH\CodeIgniter.php(502): CodeIgniter\CodeIgniter->runController(Object(App\Controllers\UserController))
 8 SYSTEMPATH\CodeIgniter.php(361): CodeIgniter\CodeIgniter->handleRequest(null, Object(Config\Cache), false)
 9 FCPATH\index.php(79): CodeIgniter\CodeIgniter->run()
10 SYSTEMPATH\Commands\Server\rewrite.php(47): require_once('C:\\xampp\\htdocs\\Brillantes_CI\\public\\index.php')
CRITICAL - 2024-02-22 09:07:32 --> Invalid file: "user/add.php"
in SYSTEMPATH\Exceptions\FrameworkException.php on line 39.
 1 SYSTEMPATH\View\View.php(216): CodeIgniter\Exceptions\FrameworkException::forInvalidFile('user/add.php')
 2 SYSTEMPATH\Common.php(1190): CodeIgniter\View\View->render('user/add', [], true)
 3 APPPATH\Controllers\UserController.php(9): view('user/add')
 4 SYSTEMPATH\CodeIgniter.php(942): App\Controllers\UserController->add()
 5 SYSTEMPATH\CodeIgniter.php(502): CodeIgniter\CodeIgniter->runController(Object(App\Controllers\UserController))
 6 SYSTEMPATH\CodeIgniter.php(361): CodeIgniter\CodeIgniter->handleRequest(null, Object(Config\Cache), false)
 7 FCPATH\index.php(79): CodeIgniter\CodeIgniter->run()
 8 SYSTEMPATH\Commands\Server\rewrite.php(47): require_once('C:\\xampp\\htdocs\\Brillantes_CI\\public\\index.php')
CRITICAL - 2024-02-22 09:08:01 --> View themes, no current section.
in SYSTEMPATH\View\View.php on line 425.
 1 APPPATH\Views\users\add.php(7): CodeIgniter\View\View->endSection('section')
 2 SYSTEMPATH\View\View.php(228): include('C:\\xampp\\htdocs\\Brillantes_CI\\app\\Views\\users\\add.php')
 3 SYSTEMPATH\View\View.php(231): CodeIgniter\View\View->CodeIgniter\View\{closure}()
 4 SYSTEMPATH\Common.php(1190): CodeIgniter\View\View->render('users/add', [], true)
 5 APPPATH\Controllers\UserController.php(9): view('users/add')
 6 SYSTEMPATH\CodeIgniter.php(942): App\Controllers\UserController->add()
 7 SYSTEMPATH\CodeIgniter.php(502): CodeIgniter\CodeIgniter->runController(Object(App\Controllers\UserController))
 8 SYSTEMPATH\CodeIgniter.php(361): CodeIgniter\CodeIgniter->handleRequest(null, Object(Config\Cache), false)
 9 FCPATH\index.php(79): CodeIgniter\CodeIgniter->run()
10 SYSTEMPATH\Commands\Server\rewrite.php(47): require_once('C:\\xampp\\htdocs\\Brillantes_CI\\public\\index.php')
